<?xml version="1.0" encoding="UTF-8"?>
<testng-results ignored="0" total="1" passed="1" failed="0" skipped="0">
  <reporter-output>
  </reporter-output>
  <suite started-at="2024-03-27T18:40:18 IST" name="Surefire suite" finished-at="2024-03-27T18:40:25 IST" duration-ms="6333">
    <groups>
    </groups>
    <test started-at="2024-03-27T18:40:18 IST" name="Surefire test" finished-at="2024-03-27T18:40:25 IST" duration-ms="6333">
      <class name="com.example.AppTest">
        <test-method signature="runTest()[pri:0, instance:com.example.AppTest@1700915]" started-at="2024-03-27T18:40:18 IST" name="runTest" finished-at="2024-03-27T18:40:25 IST" duration-ms="6313" status="PASS">
          <reporter-output>
          </reporter-output>
        </test-method> <!-- runTest -->
      </class> <!-- com.example.AppTest -->
    </test> <!-- Surefire test -->
  </suite> <!-- Surefire suite -->
</testng-results>
